<?xml version="1.0" encoding="UTF-8"?>
<!-- Generated by org.testng.reporters.JUnitXMLReporter -->
<testsuite ignored="0" hostname="Shubham" failures="1" tests="6" name="Test" time="34.208" errors="0" timestamp="2025-04-22T01:23:18 IST">
  <testcase classname="com.swaglabs.testcases.TC_LoginPageTest" name="verifyLogin" time="3.665"/>
  <testcase classname="com.swaglabs.testcases.TC_LoginPageTest" name="verifyLogin" time="0.783">
    <failure type="java.lang.AssertionError" message="Login failed for credentials: locked_out_user / secret_sauce">
      <![CDATA[java.lang.AssertionError: Login failed for credentials: locked_out_user / secret_sauce
at com.swaglabs.testcases.TC_LoginPageTest.verifyLogin(TC_LoginPageTest.java:38)
at java.base/java.util.ArrayList.forEach(ArrayList.java:1597)
... Removed 26 stack frames]]>
    </failure>
  </testcase> <!-- verifyLogin -->
  <testcase classname="com.swaglabs.testcases.TC_LoginPageTest" name="verifyLogin" time="0.955"/>
  <testcase classname="com.swaglabs.testcases.TC_LoginPageTest" name="verifyLogin" time="5.807"/>
  <testcase classname="com.swaglabs.testcases.TC_InventoryPageTest" name="verifyInventoryPageFunctionality" time="5.229"/>
  <testcase classname="com.swaglabs.testcases.TC_ProductOrderTest" name="productOrder" time="3.589"/>
</testsuite> <!-- Test -->
