<?xml version="1.0" encoding="UTF-8"?>
<!-- Generated by org.testng.reporters.JUnitXMLReporter -->
<testsuite ignored="0" hostname="Shubham" failures="0" tests="6" name="Test" time="31.205" errors="0" timestamp="2025-04-21T21:56:31 IST">
  <testcase classname="com.swaglabs.testcases.TC_LoginPageTest" name="verifyLogin" time="1.857"/>
  <testcase classname="com.swaglabs.testcases.TC_LoginPageTest" name="verifyLogin" time="0.513"/>
  <testcase classname="com.swaglabs.testcases.TC_LoginPageTest" name="verifyLogin" time="0.649"/>
  <testcase classname="com.swaglabs.testcases.TC_LoginPageTest" name="verifyLogin" time="5.632"/>
  <testcase classname="com.swaglabs.testcases.TC_InventoryPageTest" name="inventoryPage" time="4.136"/>
  <testcase classname="com.swaglabs.testcases.TC_ProductOrderTest" name="productOrder" time="3.902"/>
</testsuite> <!-- Test -->
