<?xml version="1.0" encoding="UTF-8"?>
<testsuite xmlns:xsi="http://www.w3.org/2001/XMLSchema-instance" xsi:noNamespaceSchemaLocation="https://maven.apache.org/surefire/maven-surefire-plugin/xsd/surefire-test-report.xsd" version="3.0.2" name="TestSuite" time="32.45" tests="6" errors="0" skipped="0" failures="0">
  <properties>
[...]
</properties>
  <testcase name="verifyLogin[standard_user, secret_sauce](1)" classname="com.swaglabs.testcases.TC_LoginPageTest" time="1.882">
    <system-out><![CDATA[On Start menthod invoked....
[INFO ] 2025-04-21 21:56:05.177 [main] SwagLabs - Url opened
[DEBUG] 2025-04-21 21:56:05.455 [main] PackageRelationshipCollection - Parsing relationship: /xl/_rels/workbook.xml.rels
[DEBUG] 2025-04-21 21:56:05.463 [main] PackageRelationshipCollection - Parsing relationship: /xl/worksheets/_rels/sheet1.xml.rels
[DEBUG] 2025-04-21 21:56:05.466 [main] PackageRelationshipCollection - Parsing relationship: /_rels/.rels
[DEBUG] 2025-04-21 21:56:06.090 [main] POIXMLFactory - using default POIXMLDocumentPart for http://schemas.openxmlformats.org/officeDocument/2006/relationships/printerSettings
[DEBUG] 2025-04-21 21:56:06.224 [main] PackageRelationshipCollection - Parsing relationship: /xl/_rels/workbook.xml.rels
[DEBUG] 2025-04-21 21:56:06.225 [main] PackageRelationshipCollection - Parsing relationship: /xl/worksheets/_rels/sheet1.xml.rels
[DEBUG] 2025-04-21 21:56:06.227 [main] PackageRelationshipCollection - Parsing relationship: /_rels/.rels
[DEBUG] 2025-04-21 21:56:06.243 [main] POIXMLFactory - using default POIXMLDocumentPart for http://schemas.openxmlformats.org/officeDocument/2006/relationships/printerSettings
[DEBUG] 2025-04-21 21:56:06.262 [main] PackageRelationshipCollection - Parsing relationship: /xl/_rels/workbook.xml.rels
[DEBUG] 2025-04-21 21:56:06.263 [main] PackageRelationshipCollection - Parsing relationship: /xl/worksheets/_rels/sheet1.xml.rels
[DEBUG] 2025-04-21 21:56:06.264 [main] PackageRelationshipCollection - Parsing relationship: /_rels/.rels
[DEBUG] 2025-04-21 21:56:06.278 [main] POIXMLFactory - using default POIXMLDocumentPart for http://schemas.openxmlformats.org/officeDocument/2006/relationships/printerSettings
Cell Value: standard_user
[DEBUG] 2025-04-21 21:56:06.307 [main] PackageRelationshipCollection - Parsing relationship: /xl/_rels/workbook.xml.rels
[DEBUG] 2025-04-21 21:56:06.309 [main] PackageRelationshipCollection - Parsing relationship: /xl/worksheets/_rels/sheet1.xml.rels
[DEBUG] 2025-04-21 21:56:06.310 [main] PackageRelationshipCollection - Parsing relationship: /_rels/.rels
[DEBUG] 2025-04-21 21:56:06.327 [main] POIXMLFactory - using default POIXMLDocumentPart for http://schemas.openxmlformats.org/officeDocument/2006/relationships/printerSettings
Cell Value: secret_sauce
[DEBUG] 2025-04-21 21:56:06.347 [main] PackageRelationshipCollection - Parsing relationship: /xl/_rels/workbook.xml.rels
[DEBUG] 2025-04-21 21:56:06.349 [main] PackageRelationshipCollection - Parsing relationship: /xl/worksheets/_rels/sheet1.xml.rels
[DEBUG] 2025-04-21 21:56:06.350 [main] PackageRelationshipCollection - Parsing relationship: /_rels/.rels
[DEBUG] 2025-04-21 21:56:06.361 [main] POIXMLFactory - using default POIXMLDocumentPart for http://schemas.openxmlformats.org/officeDocument/2006/relationships/printerSettings
Cell Value: locked_out_user
[DEBUG] 2025-04-21 21:56:06.377 [main] PackageRelationshipCollection - Parsing relationship: /xl/_rels/workbook.xml.rels
[DEBUG] 2025-04-21 21:56:06.378 [main] PackageRelationshipCollection - Parsing relationship: /xl/worksheets/_rels/sheet1.xml.rels
[DEBUG] 2025-04-21 21:56:06.379 [main] PackageRelationshipCollection - Parsing relationship: /_rels/.rels
[DEBUG] 2025-04-21 21:56:06.389 [main] POIXMLFactory - using default POIXMLDocumentPart for http://schemas.openxmlformats.org/officeDocument/2006/relationships/printerSettings
Cell Value: secret_sauce
[DEBUG] 2025-04-21 21:56:06.405 [main] PackageRelationshipCollection - Parsing relationship: /xl/_rels/workbook.xml.rels
[DEBUG] 2025-04-21 21:56:06.406 [main] PackageRelationshipCollection - Parsing relationship: /xl/worksheets/_rels/sheet1.xml.rels
[DEBUG] 2025-04-21 21:56:06.407 [main] PackageRelationshipCollection - Parsing relationship: /_rels/.rels
[DEBUG] 2025-04-21 21:56:06.417 [main] POIXMLFactory - using default POIXMLDocumentPart for http://schemas.openxmlformats.org/officeDocument/2006/relationships/printerSettings
Cell Value: problem_user
[DEBUG] 2025-04-21 21:56:06.431 [main] PackageRelationshipCollection - Parsing relationship: /xl/_rels/workbook.xml.rels
[DEBUG] 2025-04-21 21:56:06.433 [main] PackageRelationshipCollection - Parsing relationship: /xl/worksheets/_rels/sheet1.xml.rels
[DEBUG] 2025-04-21 21:56:06.434 [main] PackageRelationshipCollection - Parsing relationship: /_rels/.rels
[DEBUG] 2025-04-21 21:56:06.445 [main] POIXMLFactory - using default POIXMLDocumentPart for http://schemas.openxmlformats.org/officeDocument/2006/relationships/printerSettings
Cell Value: secret_sauce
[DEBUG] 2025-04-21 21:56:06.461 [main] PackageRelationshipCollection - Parsing relationship: /xl/_rels/workbook.xml.rels
[DEBUG] 2025-04-21 21:56:06.462 [main] PackageRelationshipCollection - Parsing relationship: /xl/worksheets/_rels/sheet1.xml.rels
[DEBUG] 2025-04-21 21:56:06.463 [main] PackageRelationshipCollection - Parsing relationship: /_rels/.rels
[DEBUG] 2025-04-21 21:56:06.472 [main] POIXMLFactory - using default POIXMLDocumentPart for http://schemas.openxmlformats.org/officeDocument/2006/relationships/printerSettings
Cell Value: performance_glitch_user
[DEBUG] 2025-04-21 21:56:06.491 [main] PackageRelationshipCollection - Parsing relationship: /xl/_rels/workbook.xml.rels
[DEBUG] 2025-04-21 21:56:06.493 [main] PackageRelationshipCollection - Parsing relationship: /xl/worksheets/_rels/sheet1.xml.rels
[DEBUG] 2025-04-21 21:56:06.494 [main] PackageRelationshipCollection - Parsing relationship: /_rels/.rels
[DEBUG] 2025-04-21 21:56:06.514 [main] POIXMLFactory - using default POIXMLDocumentPart for http://schemas.openxmlformats.org/officeDocument/2006/relationships/printerSettings
Cell Value: secret_sauce
Name of Test method started: verifyLogin
[INFO ] 2025-04-21 21:56:06.728 [main] SwagLabs - UserName Entered
[INFO ] 2025-04-21 21:56:06.862 [main] SwagLabs - Password Entered
[INFO ] 2025-04-21 21:56:07.805 [main] SwagLabs - Login Button Clicked
[INFO ] 2025-04-21 21:56:07.819 [main] SwagLabs - VerifyLogin - Passed
trying to execute this 
Name of Test method started: verifyLogin
]]></system-out>
    <system-err><![CDATA[SLF4J(W): No SLF4J providers were found.
SLF4J(W): Defaulting to no-operation (NOP) logger implementation
SLF4J(W): See https://www.slf4j.org/codes.html#noProviders for further details.
]]></system-err>
  </testcase>
  <testcase name="verifyLogin[locked_out_user, secret_sauce](2)" classname="com.swaglabs.testcases.TC_LoginPageTest" time="0.504">
    <system-out><![CDATA[Name of Test method started: verifyLogin
[INFO ] 2025-04-21 21:56:08.525 [main] SwagLabs - UserName Entered
[INFO ] 2025-04-21 21:56:08.614 [main] SwagLabs - Password Entered
[INFO ] 2025-04-21 21:56:08.695 [main] SwagLabs - Login Button Clicked
[INFO ] 2025-04-21 21:56:08.703 [main] SwagLabs - VerifyLogin - Failed
this method is failed
Name of Test method started: verifyLogin
]]></system-out>
  </testcase>
  <testcase name="verifyLogin[problem_user, secret_sauce](3)" classname="com.swaglabs.testcases.TC_LoginPageTest" time="0.653">
    <system-out><![CDATA[Name of Test method started: verifyLogin
[INFO ] 2025-04-21 21:56:09.028 [main] SwagLabs - UserName Entered
[INFO ] 2025-04-21 21:56:09.109 [main] SwagLabs - Password Entered
[INFO ] 2025-04-21 21:56:09.302 [main] SwagLabs - Login Button Clicked
[INFO ] 2025-04-21 21:56:09.315 [main] SwagLabs - VerifyLogin - Passed
trying to execute this 
Name of Test method started: verifyLogin
]]></system-out>
  </testcase>
  <testcase name="verifyLogin[performance_glitch_user, secret_sauce](4)" classname="com.swaglabs.testcases.TC_LoginPageTest" time="5.632">
    <system-out><![CDATA[Name of Test method started: verifyLogin
[INFO ] 2025-04-21 21:56:09.702 [main] SwagLabs - UserName Entered
[INFO ] 2025-04-21 21:56:09.780 [main] SwagLabs - Password Entered
[INFO ] 2025-04-21 21:56:14.940 [main] SwagLabs - Login Button Clicked
[INFO ] 2025-04-21 21:56:14.952 [main] SwagLabs - VerifyLogin - Passed
trying to execute this 
Name of Test method started: verifyLogin
]]></system-out>
  </testcase>
  <testcase name="inventoryPage" classname="com.swaglabs.testcases.TC_InventoryPageTest" time="4.135">
    <system-out><![CDATA[[INFO ] 2025-04-21 21:56:18.343 [main] SwagLabs - Url opened
Name of Test method started: inventoryPage
[INFO ] 2025-04-21 21:56:18.515 [main] SwagLabs - UserName passed: standard_user
[INFO ] 2025-04-21 21:56:18.646 [main] SwagLabs - Password passed: secret_sauce
[INFO ] 2025-04-21 21:56:19.800 [main] SwagLabs - Clicked on Login Button
[INFO ] 2025-04-21 21:56:19.941 [main] SwagLabs - Products are displayed
[INFO ] 2025-04-21 21:56:20.502 [main] SwagLabs - All Products got Added
[INFO ] 2025-04-21 21:56:20.535 [main] SwagLabs - Number of Products available in the Page: 6
numberOfProducts: 6
numOfItemsAdded: 6
[INFO ] 2025-04-21 21:56:20.632 [main] SwagLabs - Number of Items got Added from the Page: 6
[INFO ] 2025-04-21 21:56:20.863 [main] SwagLabs - Clicked on Shopping Cart Button
[INFO ] 2025-04-21 21:56:21.332 [main] SwagLabs - All products got removed from Cart
[INFO ] 2025-04-21 21:56:21.525 [main] SwagLabs - Clicked on Continue Shopping Button
[INFO ] 2025-04-21 21:56:21.939 [main] SwagLabs - Clicked on Shopping Cart Button
[INFO ] 2025-04-21 21:56:22.480 [main] SwagLabs - Clicked on Checkout Button
Name of Test method started: inventoryPage
]]></system-out>
    <system-err><![CDATA[Apr 21, 2025 9:56:15 PM org.openqa.selenium.remote.http.WebSocket$Listener onError
WARNING: Connection reset
java.net.SocketException: Connection reset
	at java.base/sun.nio.ch.SocketChannelImpl.throwConnectionReset(SocketChannelImpl.java:403)
	at java.base/sun.nio.ch.SocketChannelImpl.implRead(SocketChannelImpl.java:435)
	at java.base/sun.nio.ch.SocketChannelImpl.read(SocketChannelImpl.java:493)
	at java.net.http/jdk.internal.net.http.SocketTube.readAvailable(SocketTube.java:1178)
	at java.net.http/jdk.internal.net.http.SocketTube$InternalReadPublisher$InternalReadSubscription.read(SocketTube.java:841)
	at java.net.http/jdk.internal.net.http.SocketTube$SocketFlowTask.run(SocketTube.java:181)
	at java.net.http/jdk.internal.net.http.common.SequentialScheduler$SchedulableTask.run(SequentialScheduler.java:207)
	at java.net.http/jdk.internal.net.http.common.SequentialScheduler.runOrSchedule(SequentialScheduler.java:280)
	at java.net.http/jdk.internal.net.http.common.SequentialScheduler.runOrSchedule(SequentialScheduler.java:233)
	at java.net.http/jdk.internal.net.http.SocketTube$InternalReadPublisher$InternalReadSubscription.signalReadable(SocketTube.java:782)
	at java.net.http/jdk.internal.net.http.SocketTube$InternalReadPublisher$ReadEvent.signalEvent(SocketTube.java:965)
	at java.net.http/jdk.internal.net.http.SocketTube$SocketFlowEvent.handle(SocketTube.java:253)
	at java.net.http/jdk.internal.net.http.HttpClientImpl$SelectorManager.handleEvent(HttpClientImpl.java:1478)
	at java.net.http/jdk.internal.net.http.HttpClientImpl$SelectorManager.lambda$run$3(HttpClientImpl.java:1423)
	at java.base/java.util.ArrayList.forEach(ArrayList.java:1597)
	at java.net.http/jdk.internal.net.http.HttpClientImpl$SelectorManager.run(HttpClientImpl.java:1423)

]]></system-err>
  </testcase>
  <testcase name="productOrder[Shubham, Verma, 500088](1)" classname="com.swaglabs.testcases.TC_ProductOrderTest" time="3.904">
    <system-out><![CDATA[[INFO ] 2025-04-21 21:56:25.527 [main] SwagLabs - Url opened
[DEBUG] 2025-04-21 21:56:25.541 [main] PackageRelationshipCollection - Parsing relationship: /xl/_rels/workbook.xml.rels
[DEBUG] 2025-04-21 21:56:25.543 [main] PackageRelationshipCollection - Parsing relationship: /xl/worksheets/_rels/sheet1.xml.rels
[DEBUG] 2025-04-21 21:56:25.544 [main] PackageRelationshipCollection - Parsing relationship: /_rels/.rels
[DEBUG] 2025-04-21 21:56:25.560 [main] POIXMLFactory - using default POIXMLDocumentPart for http://schemas.openxmlformats.org/officeDocument/2006/relationships/printerSettings
[DEBUG] 2025-04-21 21:56:25.586 [main] PackageRelationshipCollection - Parsing relationship: /xl/_rels/workbook.xml.rels
[DEBUG] 2025-04-21 21:56:25.588 [main] PackageRelationshipCollection - Parsing relationship: /xl/worksheets/_rels/sheet1.xml.rels
[DEBUG] 2025-04-21 21:56:25.594 [main] PackageRelationshipCollection - Parsing relationship: /_rels/.rels
[DEBUG] 2025-04-21 21:56:25.612 [main] POIXMLFactory - using default POIXMLDocumentPart for http://schemas.openxmlformats.org/officeDocument/2006/relationships/printerSettings
[DEBUG] 2025-04-21 21:56:25.644 [main] PackageRelationshipCollection - Parsing relationship: /xl/_rels/workbook.xml.rels
[DEBUG] 2025-04-21 21:56:25.648 [main] PackageRelationshipCollection - Parsing relationship: /xl/worksheets/_rels/sheet1.xml.rels
[DEBUG] 2025-04-21 21:56:25.650 [main] PackageRelationshipCollection - Parsing relationship: /_rels/.rels
[DEBUG] 2025-04-21 21:56:25.667 [main] POIXMLFactory - using default POIXMLDocumentPart for http://schemas.openxmlformats.org/officeDocument/2006/relationships/printerSettings
Cell Value: Shubham
[DEBUG] 2025-04-21 21:56:25.695 [main] PackageRelationshipCollection - Parsing relationship: /xl/_rels/workbook.xml.rels
[DEBUG] 2025-04-21 21:56:25.698 [main] PackageRelationshipCollection - Parsing relationship: /xl/worksheets/_rels/sheet1.xml.rels
[DEBUG] 2025-04-21 21:56:25.702 [main] PackageRelationshipCollection - Parsing relationship: /_rels/.rels
[DEBUG] 2025-04-21 21:56:25.720 [main] POIXMLFactory - using default POIXMLDocumentPart for http://schemas.openxmlformats.org/officeDocument/2006/relationships/printerSettings
Cell Value: Verma
[DEBUG] 2025-04-21 21:56:25.738 [main] PackageRelationshipCollection - Parsing relationship: /xl/_rels/workbook.xml.rels
[DEBUG] 2025-04-21 21:56:25.740 [main] PackageRelationshipCollection - Parsing relationship: /xl/worksheets/_rels/sheet1.xml.rels
[DEBUG] 2025-04-21 21:56:25.742 [main] PackageRelationshipCollection - Parsing relationship: /_rels/.rels
[DEBUG] 2025-04-21 21:56:25.754 [main] POIXMLFactory - using default POIXMLDocumentPart for http://schemas.openxmlformats.org/officeDocument/2006/relationships/printerSettings
Cell Value: 500088
Name of Test method started: productOrder
[INFO ] 2025-04-21 21:56:25.943 [main] SwagLabs - UserName passed: standard_user
[INFO ] 2025-04-21 21:56:26.067 [main] SwagLabs - Password passed: secret_sauce
[INFO ] 2025-04-21 21:56:26.996 [main] SwagLabs - Clicked on Login Button
[INFO ] 2025-04-21 21:56:27.100 [main] SwagLabs - Products are displayed
numOfItemsAdded: 2
[INFO ] 2025-04-21 21:56:27.432 [main] SwagLabs - Number of Items got Added from the Page: 2
[INFO ] 2025-04-21 21:56:27.660 [main] SwagLabs - Clicked on Shopping Cart Button
[INFO ] 2025-04-21 21:56:27.787 [main] SwagLabs - Number of Items availabl in Cart: 1
[INFO ] 2025-04-21 21:56:27.985 [main] SwagLabs - Clicked on Checkout Button
[INFO ] 2025-04-21 21:56:28.098 [main] SwagLabs - Entered First Name: Shubham
[INFO ] 2025-04-21 21:56:28.191 [main] SwagLabs - Entered Last Name: Verma
[INFO ] 2025-04-21 21:56:28.289 [main] SwagLabs - Entered ZIP Code: 500088
[INFO ] 2025-04-21 21:56:28.731 [main] SwagLabs - Clicked on Continue Button
Summary Total of Purchase is: Total: $32.39
[INFO ] 2025-04-21 21:56:28.812 [main] SwagLabs - Summary Total of Purchase is: Total: $32.39
[INFO ] 2025-04-21 21:56:29.612 [main] SwagLabs - Clicked on Finish Button
[INFO ] 2025-04-21 21:56:29.651 [main] SwagLabs - Order Dispatch Message is Displayed
Name of Test method started: productOrder
]]></system-out>
    <system-err><![CDATA[Apr 21, 2025 9:56:22 PM org.openqa.selenium.remote.http.WebSocket$Listener onError
WARNING: Connection reset
java.net.SocketException: Connection reset
	at java.base/sun.nio.ch.SocketChannelImpl.throwConnectionReset(SocketChannelImpl.java:403)
	at java.base/sun.nio.ch.SocketChannelImpl.implRead(SocketChannelImpl.java:435)
	at java.base/sun.nio.ch.SocketChannelImpl.read(SocketChannelImpl.java:493)
	at java.net.http/jdk.internal.net.http.SocketTube.readAvailable(SocketTube.java:1178)
	at java.net.http/jdk.internal.net.http.SocketTube$InternalReadPublisher$InternalReadSubscription.read(SocketTube.java:841)
	at java.net.http/jdk.internal.net.http.SocketTube$SocketFlowTask.run(SocketTube.java:181)
	at java.net.http/jdk.internal.net.http.common.SequentialScheduler$SchedulableTask.run(SequentialScheduler.java:207)
	at java.net.http/jdk.internal.net.http.common.SequentialScheduler.runOrSchedule(SequentialScheduler.java:280)
	at java.net.http/jdk.internal.net.http.common.SequentialScheduler.runOrSchedule(SequentialScheduler.java:233)
	at java.net.http/jdk.internal.net.http.SocketTube$InternalReadPublisher$InternalReadSubscription.signalReadable(SocketTube.java:782)
	at java.net.http/jdk.internal.net.http.SocketTube$InternalReadPublisher$ReadEvent.signalEvent(SocketTube.java:965)
	at java.net.http/jdk.internal.net.http.SocketTube$SocketFlowEvent.handle(SocketTube.java:253)
	at java.net.http/jdk.internal.net.http.HttpClientImpl$SelectorManager.handleEvent(HttpClientImpl.java:1478)
	at java.net.http/jdk.internal.net.http.HttpClientImpl$SelectorManager.lambda$run$3(HttpClientImpl.java:1423)
	at java.base/java.util.ArrayList.forEach(ArrayList.java:1597)
	at java.net.http/jdk.internal.net.http.HttpClientImpl$SelectorManager.run(HttpClientImpl.java:1423)

]]></system-err>
  </testcase>
</testsuite>